[uWSGI] getting INI configuration from /home/wzr/SANYO_CARE_WEBSITE/SANYO_CARE_WEB/SANYO_CARE/SANYO_CARE/uwsgi.ini
*** Starting uWSGI 2.0.21 (64bit) on [Thu Jun  8 08:05:10 2023] ***
compiled with version: 11.3.0 on 05 June 2023 09:56:19
os: Linux-5.15.0-1039-azure #46-Ubuntu SMP Mon May 22 15:18:07 UTC 2023
nodename: SanyoCare750
machine: x86_64
clock source: unix
detected number of CPU cores: 1
current working directory: /home/wzr/SANYO_CARE_WEBSITE/SANYO_CARE_WEB/SANYO_CARE/website/templates
detected binary path: /home/wzr/.local/bin/uwsgi
!!! no internal routing support, rebuild with pcre support !!!
chdir() to /home/wzr/SANYO_CARE_WEBSITE/SANYO_CARE_WEB/SANYO_CARE
your processes number limit is 3588
your memory page size is 4096 bytes
detected max file descriptor number: 1024
lock engine: pthread robust mutexes
thunder lock: disabled (you can enable it with --thunder-lock)
uwsgi socket 0 bound to TCP address 0.0.0.0:3031 fd 3
Python version: 3.10.6 (main, May 29 2023, 11:10:38) [GCC 11.3.0]
PEP 405 virtualenv detected: /home/wzr/SANYO_CARE_WEBSITE/SANYO_CARE_WEB/myenv
Set PythonHome to /home/wzr/SANYO_CARE_WEBSITE/SANYO_CARE_WEB/myenv
Python main interpreter initialized at 0x55662d6629a0
python threads support enabled
your server socket listen backlog is limited to 100 connections
your mercy for graceful operations on workers is 60 seconds
mapped 416880 bytes (407 KB) for 8 cores
*** Operational MODE: preforking+threaded ***
-----------------PROJECT_ROOT--- /home/wzr/SANYO_CARE_WEBSITE/SANYO_CARE_WEB/SANYO_CARE/SANYO_CARE  **** 
-----------------static--- /home/wzr/SANYO_CARE_WEBSITE/SANYO_CARE_WEB/SANYO_CARE/static  ****  /static/
-----------------media--- /home/wzr/SANYO_CARE_WEBSITE/SANYO_CARE_WEB/SANYO_CARE/media  ****  /media/
WSGI app 0 (mountpoint='') ready in 1 seconds on interpreter 0x55662d6629a0 pid: 1654 (default app)
*** uWSGI is running in multiple interpreter mode ***
spawned uWSGI master process (pid: 1654)
spawned uWSGI worker 1 (pid: 1657, cores: 2)
spawned uWSGI worker 2 (pid: 1658, cores: 2)
spawned uWSGI worker 3 (pid: 1659, cores: 2)
spawned uWSGI worker 4 (pid: 1660, cores: 2)
[pid: 1659|app: 0|req: 1/1] 219.78.235.164 () {60 vars in 1198 bytes} [Thu Jun  8 04:05:19 2023] GET / => generated 141449 bytes in 622 msecs (HTTP/1.1 200) 7 headers in 224 bytes (1 switches on core 0)
[pid: 1659|app: 0|req: 2/2] 162.243.131.17 () {36 vars in 441 bytes} [Thu Jun  8 04:06:48 2023] GET /actuator/health => generated 0 bytes in 0 msecs (HTTP/1.1 301) 3 headers in 122 bytes (1 switches on core 1)
[pid: 1659|app: 0|req: 3/3] 49.190.45.27 () {62 vars in 1195 bytes} [Thu Jun  8 04:09:36 2023] GET / => generated 129445 bytes in 93 msecs (HTTP/1.1 200) 7 headers in 224 bytes (1 switches on core 1)
[pid: 1660|app: 0|req: 1/4] 219.78.235.164 () {60 vars in 1198 bytes} [Thu Jun  8 04:09:36 2023] GET / => generated 141449 bytes in 426 msecs (HTTP/1.1 200) 7 headers in 224 bytes (1 switches on core 0)
[pid: 1660|app: 0|req: 2/5] 49.190.45.27 () {62 vars in 1195 bytes} [Thu Jun  8 04:09:38 2023] GET / => generated 129445 bytes in 91 msecs (HTTP/1.1 200) 7 headers in 224 bytes (1 switches on core 1)
[pid: 1660|app: 0|req: 3/6] 219.78.235.164 () {62 vars in 1220 bytes} [Thu Jun  8 04:09:42 2023] GET / => generated 141449 bytes in 94 msecs (HTTP/1.1 200) 7 headers in 224 bytes (1 switches on core 0)
Thu Jun  8 04:10:06 2023 - uWSGI worker 4 screams: UAAAAAAH my master disconnected: i will kill myself !!!
Thu Jun  8 04:10:06 2023 - uWSGI worker 1 screams: UAAAAAAH my master disconnected: i will kill myself !!!
Thu Jun  8 04:10:06 2023 - uWSGI worker 3 screams: UAAAAAAH my master disconnected: i will kill myself !!!
Thu Jun  8 04:10:06 2023 - uWSGI worker 2 screams: UAAAAAAH my master disconnected: i will kill myself !!!
Thu Jun  8 04:10:06 2023 - uWSGI worker 4 screams: UAAAAAAH my master disconnected: i will kill myself !!!
Thu Jun  8 04:10:06 2023 - uWSGI worker 3 screams: UAAAAAAH my master disconnected: i will kill myself !!!
Thu Jun  8 04:10:06 2023 - uWSGI worker 2 screams: UAAAAAAH my master disconnected: i will kill myself !!!
Thu Jun  8 04:10:06 2023 - uWSGI worker 1 screams: UAAAAAAH my master disconnected: i will kill myself !!!
