[uWSGI] getting INI configuration from /home/wzr/SANYO_CARE_WEBSITE/SANYO_CARE_WEB/SANYO_CARE/SANYO_CARE/uwsgi.ini
*** Starting uWSGI 2.0.21 (64bit) on [Fri Jun  9 01:19:07 2023] ***
compiled with version: 11.3.0 on 05 June 2023 09:56:19
os: Linux-5.15.0-1039-azure #46-Ubuntu SMP Mon May 22 15:18:07 UTC 2023
nodename: SanyoCare750
machine: x86_64
clock source: unix
detected number of CPU cores: 1
current working directory: /home/wzr/SANYO_CARE_WEBSITE/SANYO_CARE_WEB/SANYO_CARE/website/templates/coderedcms/snippets
detected binary path: /home/wzr/.local/bin/uwsgi
!!! no internal routing support, rebuild with pcre support !!!
chdir() to /home/wzr/SANYO_CARE_WEBSITE/SANYO_CARE_WEB/SANYO_CARE
your processes number limit is 3588
your memory page size is 4096 bytes
detected max file descriptor number: 1024
lock engine: pthread robust mutexes
thunder lock: disabled (you can enable it with --thunder-lock)
uwsgi socket 0 bound to TCP address 0.0.0.0:3031 fd 3
Python version: 3.10.6 (main, May 29 2023, 11:10:38) [GCC 11.3.0]
PEP 405 virtualenv detected: /home/wzr/SANYO_CARE_WEBSITE/SANYO_CARE_WEB/myenv
Set PythonHome to /home/wzr/SANYO_CARE_WEBSITE/SANYO_CARE_WEB/myenv
Python main interpreter initialized at 0x55d204d809d0
python threads support enabled
your server socket listen backlog is limited to 100 connections
your mercy for graceful operations on workers is 60 seconds
mapped 416880 bytes (407 KB) for 8 cores
*** Operational MODE: preforking+threaded ***
-----------------PROJECT_ROOT--- /home/wzr/SANYO_CARE_WEBSITE/SANYO_CARE_WEB/SANYO_CARE/SANYO_CARE  **** 
-----------------static--- /home/wzr/SANYO_CARE_WEBSITE/SANYO_CARE_WEB/SANYO_CARE/static  ****  /static/
-----------------media--- /home/wzr/SANYO_CARE_WEBSITE/SANYO_CARE_WEB/SANYO_CARE/media  ****  /media/
WSGI app 0 (mountpoint='') ready in 2 seconds on interpreter 0x55d204d809d0 pid: 11713 (default app)
*** uWSGI is running in multiple interpreter mode ***
spawned uWSGI master process (pid: 11713)
spawned uWSGI worker 1 (pid: 11714, cores: 2)
spawned uWSGI worker 2 (pid: 11715, cores: 2)
spawned uWSGI worker 3 (pid: 11716, cores: 2)
spawned uWSGI worker 4 (pid: 11717, cores: 2)
[pid: 11715|app: 0|req: 1/1] 219.78.235.164 () {58 vars in 1077 bytes} [Thu Jun  8 21:19:13 2023] GET / => generated 129445 bytes in 645 msecs (HTTP/1.1 200) 7 headers in 224 bytes (1 switches on core 0)
[pid: 11715|app: 0|req: 2/2] 65.154.226.168 () {54 vars in 914 bytes} [Thu Jun  8 21:28:24 2023] GET / => generated 128890 bytes in 110 msecs (HTTP/1.1 200) 7 headers in 224 bytes (1 switches on core 1)
[pid: 11715|app: 0|req: 3/3] 219.78.235.164 () {60 vars in 1100 bytes} [Thu Jun  8 21:29:04 2023] GET / => generated 129445 bytes in 90 msecs (HTTP/1.1 200) 7 headers in 224 bytes (1 switches on core 0)
Thu Jun  8 21:29:24 2023 - uWSGI worker 2 screams: UAAAAAAH my master disconnected: i will kill myself !!!
Thu Jun  8 21:29:24 2023 - uWSGI worker 1 screams: UAAAAAAH my master disconnected: i will kill myself !!!
Thu Jun  8 21:29:24 2023 - uWSGI worker 4 screams: UAAAAAAH my master disconnected: i will kill myself !!!
Thu Jun  8 21:29:24 2023 - uWSGI worker 3 screams: UAAAAAAH my master disconnected: i will kill myself !!!
Thu Jun  8 21:29:24 2023 - uWSGI worker 2 screams: UAAAAAAH my master disconnected: i will kill myself !!!
Thu Jun  8 21:29:24 2023 - uWSGI worker 4 screams: UAAAAAAH my master disconnected: i will kill myself !!!
Thu Jun  8 21:29:24 2023 - uWSGI worker 3 screams: UAAAAAAH my master disconnected: i will kill myself !!!
Thu Jun  8 21:29:24 2023 - uWSGI worker 1 screams: UAAAAAAH my master disconnected: i will kill myself !!!
[uWSGI] getting INI configuration from /home/wzr/SANYO_CARE_WEBSITE/SANYO_CARE_WEB/SANYO_CARE/SANYO_CARE/uwsgi.ini
*** Starting uWSGI 2.0.21 (64bit) on [Fri Jun  9 01:29:27 2023] ***
compiled with version: 11.3.0 on 05 June 2023 09:56:19
os: Linux-5.15.0-1039-azure #46-Ubuntu SMP Mon May 22 15:18:07 UTC 2023
nodename: SanyoCare750
machine: x86_64
clock source: unix
detected number of CPU cores: 1
current working directory: /home/wzr/SANYO_CARE_WEBSITE/SANYO_CARE_WEB/SANYO_CARE/website/templates/coderedcms/snippets
detected binary path: /home/wzr/.local/bin/uwsgi
!!! no internal routing support, rebuild with pcre support !!!
chdir() to /home/wzr/SANYO_CARE_WEBSITE/SANYO_CARE_WEB/SANYO_CARE
your processes number limit is 3588
your memory page size is 4096 bytes
detected max file descriptor number: 1024
lock engine: pthread robust mutexes
thunder lock: disabled (you can enable it with --thunder-lock)
uwsgi socket 0 bound to TCP address 0.0.0.0:3031 fd 3
Python version: 3.10.6 (main, May 29 2023, 11:10:38) [GCC 11.3.0]
PEP 405 virtualenv detected: /home/wzr/SANYO_CARE_WEBSITE/SANYO_CARE_WEB/myenv
Set PythonHome to /home/wzr/SANYO_CARE_WEBSITE/SANYO_CARE_WEB/myenv
Python main interpreter initialized at 0x55fd7896f9d0
python threads support enabled
your server socket listen backlog is limited to 100 connections
your mercy for graceful operations on workers is 60 seconds
mapped 416880 bytes (407 KB) for 8 cores
*** Operational MODE: preforking+threaded ***
-----------------PROJECT_ROOT--- /home/wzr/SANYO_CARE_WEBSITE/SANYO_CARE_WEB/SANYO_CARE/SANYO_CARE  **** 
-----------------static--- /home/wzr/SANYO_CARE_WEBSITE/SANYO_CARE_WEB/SANYO_CARE/static  ****  /static/
-----------------media--- /home/wzr/SANYO_CARE_WEBSITE/SANYO_CARE_WEB/SANYO_CARE/media  ****  /media/
WSGI app 0 (mountpoint='') ready in 1 seconds on interpreter 0x55fd7896f9d0 pid: 11763 (default app)
*** uWSGI is running in multiple interpreter mode ***
spawned uWSGI master process (pid: 11763)
spawned uWSGI worker 1 (pid: 11764, cores: 2)
spawned uWSGI worker 2 (pid: 11765, cores: 2)
spawned uWSGI worker 3 (pid: 11766, cores: 2)
spawned uWSGI worker 4 (pid: 11767, cores: 2)
[pid: 11766|app: 0|req: 1/1] 219.78.235.164 () {58 vars in 1078 bytes} [Thu Jun  8 21:29:32 2023] GET / => generated 129445 bytes in 418 msecs (HTTP/1.1 200) 7 headers in 224 bytes (1 switches on core 0)
[pid: 11766|app: 0|req: 2/2] 219.78.235.164 () {60 vars in 1100 bytes} [Thu Jun  8 21:29:36 2023] GET / => generated 129445 bytes in 96 msecs (HTTP/1.1 200) 7 headers in 224 bytes (1 switches on core 1)
Thu Jun  8 21:30:54 2023 - uWSGI worker 1 screams: UAAAAAAH my master disconnected: i will kill myself !!!
Thu Jun  8 21:30:54 2023 - uWSGI worker 4 screams: UAAAAAAH my master disconnected: i will kill myself !!!
Thu Jun  8 21:30:54 2023 - uWSGI worker 3 screams: UAAAAAAH my master disconnected: i will kill myself !!!
Thu Jun  8 21:30:54 2023 - uWSGI worker 2 screams: UAAAAAAH my master disconnected: i will kill myself !!!
Thu Jun  8 21:30:54 2023 - uWSGI worker 1 screams: UAAAAAAH my master disconnected: i will kill myself !!!
Thu Jun  8 21:30:54 2023 - uWSGI worker 3 screams: UAAAAAAH my master disconnected: i will kill myself !!!
Thu Jun  8 21:30:54 2023 - uWSGI worker 2 screams: UAAAAAAH my master disconnected: i will kill myself !!!
Thu Jun  8 21:30:54 2023 - uWSGI worker 4 screams: UAAAAAAH my master disconnected: i will kill myself !!!
[uWSGI] getting INI configuration from /home/wzr/SANYO_CARE_WEBSITE/SANYO_CARE_WEB/SANYO_CARE/SANYO_CARE/uwsgi.ini
*** Starting uWSGI 2.0.21 (64bit) on [Fri Jun  9 01:30:58 2023] ***
compiled with version: 11.3.0 on 05 June 2023 09:56:19
os: Linux-5.15.0-1039-azure #46-Ubuntu SMP Mon May 22 15:18:07 UTC 2023
nodename: SanyoCare750
machine: x86_64
clock source: unix
detected number of CPU cores: 1
current working directory: /home/wzr/SANYO_CARE_WEBSITE/SANYO_CARE_WEB/SANYO_CARE/website/templates/coderedcms/snippets
detected binary path: /home/wzr/.local/bin/uwsgi
!!! no internal routing support, rebuild with pcre support !!!
chdir() to /home/wzr/SANYO_CARE_WEBSITE/SANYO_CARE_WEB/SANYO_CARE
your processes number limit is 3588
your memory page size is 4096 bytes
detected max file descriptor number: 1024
lock engine: pthread robust mutexes
thunder lock: disabled (you can enable it with --thunder-lock)
uwsgi socket 0 bound to TCP address 0.0.0.0:3031 fd 3
Python version: 3.10.6 (main, May 29 2023, 11:10:38) [GCC 11.3.0]
PEP 405 virtualenv detected: /home/wzr/SANYO_CARE_WEBSITE/SANYO_CARE_WEB/myenv
Set PythonHome to /home/wzr/SANYO_CARE_WEBSITE/SANYO_CARE_WEB/myenv
Python main interpreter initialized at 0x558cd40ea9d0
python threads support enabled
your server socket listen backlog is limited to 100 connections
your mercy for graceful operations on workers is 60 seconds
mapped 416880 bytes (407 KB) for 8 cores
*** Operational MODE: preforking+threaded ***
-----------------PROJECT_ROOT--- /home/wzr/SANYO_CARE_WEBSITE/SANYO_CARE_WEB/SANYO_CARE/SANYO_CARE  **** 
-----------------static--- /home/wzr/SANYO_CARE_WEBSITE/SANYO_CARE_WEB/SANYO_CARE/static  ****  /static/
-----------------media--- /home/wzr/SANYO_CARE_WEBSITE/SANYO_CARE_WEB/SANYO_CARE/media  ****  /media/
WSGI app 0 (mountpoint='') ready in 1 seconds on interpreter 0x558cd40ea9d0 pid: 11781 (default app)
*** uWSGI is running in multiple interpreter mode ***
spawned uWSGI master process (pid: 11781)
spawned uWSGI worker 1 (pid: 11782, cores: 2)
spawned uWSGI worker 2 (pid: 11783, cores: 2)
spawned uWSGI worker 3 (pid: 11784, cores: 2)
spawned uWSGI worker 4 (pid: 11785, cores: 2)
[pid: 11784|app: 0|req: 1/1] 219.78.235.164 () {58 vars in 1077 bytes} [Thu Jun  8 21:31:08 2023] GET / => generated 129440 bytes in 415 msecs (HTTP/1.1 200) 7 headers in 224 bytes (1 switches on core 0)
[pid: 11784|app: 0|req: 2/2] 219.78.235.164 () {58 vars in 1113 bytes} [Thu Jun  8 21:31:18 2023] GET /services/ => generated 124182 bytes in 92 msecs (HTTP/1.1 200) 7 headers in 224 bytes (1 switches on core 1)
[pid: 11785|app: 0|req: 1/3] 219.78.235.164 () {58 vars in 1122 bytes} [Thu Jun  8 21:31:20 2023] GET /about-us/ => generated 124140 bytes in 402 msecs (HTTP/1.1 200) 7 headers in 224 bytes (1 switches on core 0)
[pid: 11785|app: 0|req: 2/4] 219.78.235.164 () {58 vars in 1122 bytes} [Thu Jun  8 21:31:22 2023] GET /services/ => generated 124182 bytes in 90 msecs (HTTP/1.1 200) 7 headers in 224 bytes (1 switches on core 1)
[pid: 11785|app: 0|req: 3/5] 219.78.235.164 () {58 vars in 1126 bytes} [Thu Jun  8 21:31:25 2023] GET /contact-us/ => generated 125953 bytes in 96 msecs (HTTP/1.1 200) 8 headers in 360 bytes (1 switches on core 0)
[pid: 11785|app: 0|req: 4/6] 219.78.235.164 () {60 vars in 1181 bytes} [Thu Jun  8 21:31:28 2023] GET /about-us/ => generated 124140 bytes in 86 msecs (HTTP/1.1 200) 7 headers in 224 bytes (1 switches on core 1)
[pid: 11785|app: 0|req: 5/7] 219.78.235.164 () {60 vars in 1179 bytes} [Thu Jun  8 21:31:30 2023] GET /services/ => generated 124182 bytes in 94 msecs (HTTP/1.1 200) 7 headers in 224 bytes (1 switches on core 0)
[pid: 11785|app: 0|req: 6/8] 219.78.235.164 () {60 vars in 1161 bytes} [Thu Jun  8 21:31:34 2023] GET / => generated 129440 bytes in 94 msecs (HTTP/1.1 200) 7 headers in 224 bytes (1 switches on core 1)
[pid: 11785|app: 0|req: 7/9] 219.78.235.164 () {56 vars in 1055 bytes} [Thu Jun  8 21:31:51 2023] GET / => generated 128885 bytes in 91 msecs (HTTP/1.1 200) 7 headers in 224 bytes (1 switches on core 0)
[pid: 11785|app: 0|req: 8/10] 173.44.63.100 () {58 vars in 1094 bytes} [Thu Jun  8 21:36:37 2023] GET / => generated 129440 bytes in 89 msecs (HTTP/1.1 200) 7 headers in 224 bytes (1 switches on core 1)
[pid: 11785|app: 0|req: 9/11] 74.235.93.22 () {28 vars in 296 bytes} [Thu Jun  8 21:39:16 2023] GET / => generated 129440 bytes in 85 msecs (HTTP/1.0 200) 7 headers in 224 bytes (1 switches on core 0)
[pid: 11785|app: 0|req: 10/12] 83.97.73.89 () {36 vars in 512 bytes} [Thu Jun  8 21:43:45 2023] GET / => generated 129440 bytes in 90 msecs (HTTP/1.1 200) 7 headers in 224 bytes (1 switches on core 1)
[pid: 11785|app: 0|req: 11/13] 185.180.143.190 () {36 vars in 528 bytes} [Thu Jun  8 21:43:47 2023] GET /favicon.ico => generated 0 bytes in 16 msecs (HTTP/1.1 301) 7 headers in 299 bytes (1 switches on core 0)
Gracefully killing worker 4 (pid: 11785)...
Gracefully killing worker 3 (pid: 11784)...
Gracefully killing worker 2 (pid: 11783)...
Gracefully killing worker 1 (pid: 11782)...
...gracefully killing workers...
worker 1 buried after 2 seconds
worker 2 buried after 2 seconds
worker 3 buried after 2 seconds
worker 4 buried after 2 seconds
binary reloading uWSGI...
chdir() to /home/wzr/SANYO_CARE_WEBSITE/SANYO_CARE_WEB/SANYO_CARE/website/templates/coderedcms/snippets
closing all non-uwsgi socket fds > 2 (max_fd = 1024)...
found fd 3 mapped to socket 0 (0.0.0.0:3031)
running /home/wzr/.local/bin/uwsgi
[uWSGI] getting INI configuration from /home/wzr/SANYO_CARE_WEBSITE/SANYO_CARE_WEB/SANYO_CARE/SANYO_CARE/uwsgi.ini
*** Starting uWSGI 2.0.21 (64bit) on [Thu Jun  8 22:20:56 2023] ***
compiled with version: 11.3.0 on 05 June 2023 09:56:19
os: Linux-5.15.0-1039-azure #46-Ubuntu SMP Mon May 22 15:18:07 UTC 2023
nodename: SanyoCare750
machine: x86_64
clock source: unix
detected number of CPU cores: 1
current working directory: /home/wzr/SANYO_CARE_WEBSITE/SANYO_CARE_WEB/SANYO_CARE/website/templates/coderedcms/snippets
detected binary path: /home/wzr/.local/bin/uwsgi
!!! no internal routing support, rebuild with pcre support !!!
chdir() to /home/wzr/SANYO_CARE_WEBSITE/SANYO_CARE_WEB/SANYO_CARE
your processes number limit is 3588
your memory page size is 4096 bytes
detected max file descriptor number: 1024
lock engine: pthread robust mutexes
thunder lock: disabled (you can enable it with --thunder-lock)
uwsgi socket 0 inherited INET address 0.0.0.0:3031 fd 3
Python version: 3.10.6 (main, May 29 2023, 11:10:38) [GCC 11.3.0]
PEP 405 virtualenv detected: /home/wzr/SANYO_CARE_WEBSITE/SANYO_CARE_WEB/myenv
Set PythonHome to /home/wzr/SANYO_CARE_WEBSITE/SANYO_CARE_WEB/myenv
Python main interpreter initialized at 0x557d9017bfb0
python threads support enabled
your server socket listen backlog is limited to 100 connections
your mercy for graceful operations on workers is 60 seconds
mapped 416880 bytes (407 KB) for 8 cores
*** Operational MODE: preforking+threaded ***
-----------------PROJECT_ROOT--- /home/wzr/SANYO_CARE_WEBSITE/SANYO_CARE_WEB/SANYO_CARE/SANYO_CARE  **** 
-----------------static--- /home/wzr/SANYO_CARE_WEBSITE/SANYO_CARE_WEB/SANYO_CARE/static  ****  /static/
-----------------media--- /home/wzr/SANYO_CARE_WEBSITE/SANYO_CARE_WEB/SANYO_CARE/media  ****  /media/
WSGI app 0 (mountpoint='') ready in 1 seconds on interpreter 0x557d9017bfb0 pid: 11781 (default app)
*** uWSGI is running in multiple interpreter mode ***
gracefully (RE)spawned uWSGI master process (pid: 11781)
spawned uWSGI worker 1 (pid: 11963, cores: 2)
spawned uWSGI worker 2 (pid: 11964, cores: 2)
spawned uWSGI worker 3 (pid: 11965, cores: 2)
spawned uWSGI worker 4 (pid: 11966, cores: 2)
[pid: 11966|app: 0|req: 1/1] 216.218.206.66 () {36 vars in 507 bytes} [Fri Jun  9 00:30:55 2023] GET / => generated 129440 bytes in 429 msecs (HTTP/1.1 200) 7 headers in 224 bytes (1 switches on core 0)
[pid: 11966|app: 0|req: 2/2] 216.218.206.66 () {36 vars in 482 bytes} [Fri Jun  9 00:37:29 2023] GET /favicon.ico => generated 0 bytes in 17 msecs (HTTP/1.1 301) 7 headers in 299 bytes (1 switches on core 1)
[pid: 11966|app: 0|req: 3/3] 34.76.96.55 () {44 vars in 578 bytes} [Fri Jun  9 00:39:58 2023] GET / => generated 129440 bytes in 88 msecs (HTTP/1.1 200) 7 headers in 224 bytes (1 switches on core 0)
[pid: 11966|app: 0|req: 4/4] 216.218.206.66 () {36 vars in 506 bytes} [Fri Jun  9 00:40:04 2023] GET / => generated 129440 bytes in 105 msecs (HTTP/1.1 200) 7 headers in 224 bytes (1 switches on core 1)
[pid: 11966|app: 0|req: 5/5] 216.218.206.66 () {36 vars in 497 bytes} [Fri Jun  9 00:43:06 2023] GET /geoserver/web/ => generated 123225 bytes in 58 msecs (HTTP/1.1 404) 7 headers in 231 bytes (1 switches on core 0)
[pid: 11966|app: 0|req: 6/6] 216.218.206.66 () {36 vars in 529 bytes} [Fri Jun  9 00:44:01 2023] GET /.git/config => generated 123225 bytes in 49 msecs (HTTP/1.1 404) 7 headers in 231 bytes (1 switches on core 1)
[pid: 11966|app: 0|req: 7/7] 66.249.64.132 () {42 vars in 833 bytes} [Fri Jun  9 01:34:16 2023] GET /contact-us/ => generated 125953 bytes in 93 msecs (HTTP/1.1 200) 8 headers in 360 bytes (1 switches on core 0)
[pid: 11966|app: 0|req: 8/8] 44.210.242.117 () {36 vars in 533 bytes} [Fri Jun  9 02:21:06 2023] GET /robots.txt => generated 118 bytes in 1 msecs (HTTP/1.1 200) 6 headers in 193 bytes (1 switches on core 1)
[pid: 11966|app: 0|req: 9/9] 44.210.242.117 () {36 vars in 513 bytes} [Fri Jun  9 02:21:27 2023] GET / => generated 129440 bytes in 94 msecs (HTTP/1.1 200) 7 headers in 224 bytes (1 switches on core 0)
[pid: 11966|app: 0|req: 10/10] 44.210.242.117 () {36 vars in 533 bytes} [Fri Jun  9 02:23:10 2023] GET /robots.txt => generated 118 bytes in 1 msecs (HTTP/1.1 200) 6 headers in 193 bytes (1 switches on core 1)
[pid: 11965|app: 0|req: 1/11] 44.210.242.117 () {36 vars in 513 bytes} [Fri Jun  9 02:23:10 2023] GET / => generated 129440 bytes in 445 msecs (HTTP/1.1 200) 7 headers in 224 bytes (1 switches on core 0)
[pid: 11966|app: 0|req: 11/12] 44.210.242.117 () {36 vars in 516 bytes} [Fri Jun  9 02:23:11 2023] GET / => generated 128885 bytes in 87 msecs (HTTP/1.1 200) 7 headers in 224 bytes (1 switches on core 1)
[pid: 11965|app: 0|req: 2/13] 192.241.231.32 () {36 vars in 502 bytes} [Fri Jun  9 02:32:28 2023] GET /autodiscover/autodiscover.json?@zdi/Powershell => generated 123225 bytes in 55 msecs (HTTP/1.1 404) 7 headers in 231 bytes (1 switches on core 1)
[pid: 11966|app: 0|req: 12/14] 66.249.64.132 () {44 vars in 866 bytes} [Fri Jun  9 03:04:16 2023] GET / => generated 129440 bytes in 96 msecs (HTTP/1.1 200) 7 headers in 224 bytes (1 switches on core 0)
[pid: 11966|app: 0|req: 13/15] 66.249.70.5 () {38 vars in 544 bytes} [Fri Jun  9 03:49:16 2023] GET /robots.txt => generated 118 bytes in 1 msecs (HTTP/1.1 200) 6 headers in 193 bytes (1 switches on core 1)
[pid: 11963|app: 0|req: 1/16] 66.249.70.4 () {42 vars in 827 bytes} [Fri Jun  9 03:49:17 2023] GET /contact-us/ => generated 125953 bytes in 432 msecs (HTTP/1.1 200) 8 headers in 360 bytes (1 switches on core 0)
[pid: 11966|app: 0|req: 14/17] 50.7.14.22 () {58 vars in 1097 bytes} [Fri Jun  9 04:11:10 2023] GET / => generated 128885 bytes in 242 msecs (HTTP/1.1 200) 7 headers in 224 bytes (1 switches on core 1)
[pid: 11963|app: 0|req: 2/18] 50.7.14.22 () {58 vars in 1105 bytes} [Fri Jun  9 04:11:26 2023] GET / => generated 129440 bytes in 107 msecs (HTTP/1.1 200) 7 headers in 224 bytes (1 switches on core 1)
